GRP_29_repeat_of_bct116_careercast.mp3
LC-60-autacity.avi
LC-61-pr.mp3
LC-62-zach.mp3
LC-63-jorge.mp3
LC-64-livedvd.mp3
LC-65-bash.mp3
LC-66-allaboutme.mp3
LC-67-ebuild.avi
LinuxCranks2009-26.ogg
LinuxCranks2009-27.ogg
LinuxCranks2009-28.ogg
LinuxCranks2009-29.ogg
LinuxCranks2009-30.ogg
LinuxCranks2009-31.ogg
LinuxCranks2010-00.ogg
cslewis.mp3
grp_100_R-09_carrying_case_and_software_update.mp3
grp_101_another_short_hollistic_chat.mp3
grp_102_start_celebrating_the_holidays.mp3
grp_103_victor_reader_stream.mp3
grp_104_reading_digital_NLS_books.mp3
grp_105_wonderful_Christmas_movies.mp3
grp_106_thoughts_on_podcasting.mp3
grp_107_teleconference_call.mp3
grp_108_science_fiction.mp3
grp_109_storm.mp3
grp_110_decisions_decisions.mp3
grp_111_intro_to_audio_converters.mp3
grp_112_wma_and_wav_to_mp3_conversion.mp3
grp_113_audio_conversion_addendum.mp3
grp_114_Thanksgiving_etc.mp3
grp_115_Jaws_9_CD_alert.mp3
grp_116_holiday_catch_up.mp3
grp_117_online_shopping_discussion.mp3
grp_118_crazy_but_fun_week.mp3
grp_119_taming_the_demon_laptalk.mp3
grp_11_cslewis2.mp3
grp_120_laptalk_setup_completion.mp3
grp_121_Christmas_dimensions.mp3
grp_122_Christmas_2007.mp3
grp_123_recovering_from_the_post_holiday_blahs.mp3
grp_124_the_impact_of_giving.mp3
grp_125_backup_software.mp3
grp_126_wonderful_braille.mp3
grp_127_fun_and_short.mp3
grp_128_new_comment_line_number.mp3
grp_129_thoughts_on_discrimination.mp3
grp_12_typical_morning_walk.mp3
grp_130_global_warming.mp3
grp_131_thoughts_on_mundane_housekeeping.mp3
grp_132_recovering_from_the_economy_roller_coaster.mp3
grp_133_surprise.mp3
grp_134_catching_up.mp3
grp_135_ftp_site_update.mp3
grp_136_more_FTP_site_updates.mp3
grp_137_two_songs.mp3
grp_138_perspectives_on_podcasting.mp3
grp_139_final_ftp_podcast_I_hope.mp3
grp_13_music.mp3
grp_140_FTP_project_on_hold.mp3
grp_141_addendum_to_synchroMagic_backup_software.mp3
grp_142_using_a_food_dryer.mp3
grp_143_labeling_stuff.mp3
grp_144_Why_I_Am_Not_In_NFB_Or_ACB.mp3
grp_145_The_Boy_Who_Loved_Music.mp3
grp_146_making_a_spring_breakfast_smoothie.mp3
grp_147_more_from_About_The_Bay.mp3
grp_148_Musing_On_Mobility_part_1.mp3
grp_149_save_Windows_XP_Petition.mp3
grp_14_opening_the_book_port.mp3
grp_150_Musing_On_Mobility_part_2.mp3
grp_151_addendum_to_previous_podcast.mp3
grp_152_the_lighter_side_of_work.mp3
grp_153_berry_breakfast.mp3
grp_154_first_impressions_of_Olympus_LS10_recorder.mp3
grp_155_tour_of_the_Olympus_LS10.mp3
grp_156_ACB_Radio_Interview_with_Jean_Parker.mp3
grp_157_herbal_medicine.mp3
grp_158_welcome_to_the_new_listeners.mp3
grp_159_thoughts_on_stereos.mp3
grp_15_angel_picture.mp3
grp_160_sleep.mp3
grp_161_the_air_bed.mp3
grp_162_education.mp3
grp_163_Christians_in_Iraq.mp3
grp_164_Jean_Parker_at_ACB_Convention.mp3
grp_165_positive_thoughts_on_mobility.mp3
grp_166_American_Botanical_Pharmacy_site_update.mp3
grp_167_binarybase_16and_some_programming.mp3
grp_168_short_programming_addendum.mp3
grp_169_moon_landings_and_Mars_mission.mp3
grp_16_general_discussion.mp3
grp_170_more_about_sleep.mp3
grp_171_the_pac_mate.mp3
grp_172_AVG.mp3
grp_173_Dirt_Devil_83414_cordless_vacuum.mp3
grp_174_Cloudmark_Desktop_spam_filter.mp3
grp_175_speaking_out.mp3
grp_176_Jaws_10_new_features.mp3
grp_177_speaking_out_about_published_writing.mp3
grp_178_carpet_sweeper.mp3
grp_17_email_problems.mp3
grp_180_building_the_folk_music_podcast.mp3
grp_181_quick_thanks_and_update.mp3
grp_182_preparing_for_emergencies.mp3
grp_183_autumn_breakfast.mp3
grp_184_PC_adventures.mp3
grp_185_fun_with_Anguished_English.mp3
grp_186_physics.mp3
grp_187_catching_up.mp3
grp_188_more_anguished_English.mp3
grp_189_quick_thoughts_about_the_economy.mp3
grp_18_two_songs.mp3
grp_191_long_lost_relatives.mp3
grp_192_book_review_and_brief_history_of_English.mp3
grp_193_short_addendum_and_sample_of_Old_English.mp3
grp_194_SSL_secured_email.mp3
grp_195_60_Minutes_episode_PC_to_brain_connection.mp3
grp_196_about_the_bay_part_3.mp3
grp_197_Olympus_DS71_menus_and_comments.mp3
grp_198_more_about_the_DS71.mp3
grp_199_third_anniversary.mp3
grp_19_humor.mp3
grp_1_intro.mp3
grp_200_holiday_goodies.mp3
grp_202_soup_wonderful_soup.mp3
grp_203_book_review_Of_Such_Small_Differences.mp3
grp_204_Slice_Solutions_brownie_pan_with_divider_and_rack_QVC_K14838.mp3
grp_205_some_very_quick_corrections.mp3
grp_206_Jonathan_Mosen_Interviews_Oleg_Shevkun.mp3
grp_208_the_week_before_Christmas.mp3
grp_209_Christmas.mp3
grp_210_year_end_reflections.mp3
grp_211_social_commentary.mp3
grp_212_short_films_about_optacon_history.mp3
grp_213_cell_phones_optacon_large_print_the_brain_again.mp3
grp_214_catching_up.mp3
grp_215_inaugural_braille_music.mp3
grp_216_optacon_feature.mp3
grp_217_this_week.mp3
grp_218_warning_captcha_screen_on_taxact.mp3
grp_219_Tuesday_Topics_about_braille.mp3
grp_21_income_taxes.mp3
grp_220_busy_week.mp3
grp_221_FaceBook_SSL_and_Lord_of_the_Rings.mp3
grp_222_netbook_and_news.mp3
grp_223_Asus_update.mp3
grp_224_Brother_QL570_labeler_and_travel.mp3
grp_225_Sangean_WR-11_wooden_radio.mp3
grp_227_being_careful_about_copyright.mp3
grp_228_libsynwater_filterbrailleabout_the_bay.mp3
grp_229_water_filter.mp3
grp_22_music.mp3
grp_230_tech_et_cetera.mp3
grp_231_mostly_tech_again.mp3
grp_232_tribbles_and_stuff.mp3
grp_233_web_radio_intro_and_other_stuff.mp3
grp_234_WebRadio_update.mp3
grp_235_Soundcast_ACP-200_audiocast_transmitter_receiver.mp3
grp_236_foodlibsynbooksetc.mp3
grp_237_videos_and_stuff.mp3
grp_238_update_and_history.mp3
grp_239_play_time.mp3
grp_23_music_background.mp3
grp_240_solona.mp3
grp_241_summer_has_arrived.mp3
grp_242_phone_and_other_stuff.mp3
grp_243_assorted_tech.mp3
grp_244_math_movies_tech.mp3
grp_245_the_end_of_July.mp3
grp_246_news_and_comments.mp3
grp_247_Playback_Magazine_and_Other_Things.mp3
grp_248_music_and_stuff.mp3
grp_249_podcasting_trade_secrets.mp3
grp_24_Edirol_and_a_song.mp3
grp_250A_Part_1_of_classical_music_podcast.mp3
grp_250B_Part_2_of_classical_music_podcast.mp3
grp_251_the_last_couple_weeks.mp3
grp_252_world_history_and_old_technology.mp3
grp_253_two_interviews.mp3
grp_254_Microsoft_Security_Essentials.mp3
grp_255_Back_To_Basics_Smoothie_Jr_Smoothie_Maker.mp3
grp_256_high_and_low_tech.mp3
grp_257_Olympus_DM-520.mp3
grp_258_stormtechnologyhistory.mp3
grp_259_mostly_screen_readers.mp3
grp_25_hollistic_tip_and_podcasts.mp3
grp_260_Window-Eyes.mp3
grp_261_tech_and_general_chat.mp3
grp_262_green_foods_firefox_etc.mp3
grp_263_Star_Trek_movie.mp3
grp_264_Trek_firefox_Thanksgiving.mp3
grp_265_chimes_and_bells.mp3
grp_26_online_food_shopping.mp3
grp_27_next_2_podcasts.mp3
grp_28_repeat_of_intro.mp3
grp_2_test.mp3
grp_30_kyolic_and_EFT.mp3
grp_31_Bach_flower_essences.mp3
grp_32_Bach_remedies_addendum.mp3
grp_33_hollistic_chat.mp3
grp_34_Lichfield_tour.mp3
grp_35_two_great_podcasts.mp3
grp_36_optacon.mp3
grp_37_chime_clock.mp3
grp_39_Magnatune_classical_3.mp3
grp_3_next_few_podcasts.mp3
grp_40_bctlist.mp3
grp_41_PC_setup_part_1.mp3
grp_42_pc_setup_part_2.mp3
grp_43_Neil_Armstrong_profile.mp3
grp_44_pc_setup_part_3.mp3
grp_45_Star_Trek_Chat_1.mp3
grp_46_catching_up.mp3
grp_47_retirement_lunch.mp3
grp_48_digestive_health.mp3
grp_49_silicone_bakeware.mp3
grp_4_Christmas_tree_1.mp3
grp_50_poetry_reading.mp3
grp_51_cooking_grains.mp3
grp_52_awkward_social_situations.mp3
grp_53_short_digestive_health_update.mp3
grp_54_Christmas_memories.mp3
grp_55_The_Innkeeper.mp3
grp_56_crazy_grammar.mp3
grp_57_two_topics.mp3
grp_58_new_stuff.mp3
grp_59_new_Olympus_Recorders.mp3
grp_5_Christmas_tree_2.mp3
grp_60_Netopia_Gateway.mp3
grp_61_Olympus_DS50.mp3
grp_62_DS50_part_2.mp3
grp_63_retirement_living.mp3
grp_64_dozo_bozo_the_freeloader.mp3
grp_65_dream_diary_and_journal_entries.mp3
grp_66_going_wireless.mp3
grp_67_my_story.mp3
grp_68_green_drinks.mp3
grp_69_peaceful_spring_day.mp3
grp_6_Good_King_Wenceslas.mp3
grp_70_blind_like_me_interview.mp3
grp_71_audio_info_in_Windows_Explorer.mp3
grp_72_mp3_surgeon.mp3
grp_73_spambrave.mp3
grp_74_clearing_out_the_clutter.mp3
grp_75_green_drink_addendum.mp3
grp_76_summer_smoothie.mp3
grp_77_braille_with_Jaws.mp3
grp_78_braille_plus.mp3
grp_79_summer.mp3
grp_7_What_Child_Is_This.mp3
grp_80_downloading_podcasts_with_braille_plus.mp3
grp_81_Steve_Brown_ministry.mp3
grp_82_keyboards_shmeeboards.mp3
grp_83_flag_picture.mp3
grp_84_the_wuvit_spa_therapy_pillow.mp3
grp_85_identity_theft_protection.mp3
grp_86_plumbing_project.mp3
grp_87_root_beer_snow_cone.mp3
grp_88_Miss_Potter_movie_review.mp3
grp_89_tech_support.mp3
grp_8_Joy_to_the_World.mp3
grp_90_projects_part_2.mp3
grp_91_another_hollistic_chat.mp3
grp_92_sound_blaster_audigy_2_zs_for_laptops.mp3
grp_93_RCA_Lyra_Wireless_Transmitter.mp3
grp_94_text_file_converters.mp3
grp_95_blind_peoples_unemployment.mp3
grp_96_Tuesday_Topics_employment_discussion.mp3
grp_97_book_and_movie_review.mp3
grp_98_downloading_NLS_digital_talking_books.mp3
grp_99_R-09_better_late_than_never.mp3
grp_9_Christmas_Day_in_the_morning.mp3
lhs019a.mp3
lhs020.mp3
lhs021.mp3
lhs022.mp3
lhs023.mp3
lhs024.mp3
lhs025.mp3
lhs026.mp3
lottalinuxlinks_116.ogg
lottalinuxlinks_117.ogg
lottalinuxlinks_118.ogg
lottalinuxlinks_119.ogg
lottalinuxlinks_120.ogg
lottalinuxlinks_call_in_show_april_2009.ogg
lottalinuxlinks_call_in_show_august_2009.ogg
lottalinuxlinks_call_in_show_june_2009.ogg
lottalinuxlinks_call_in_show_may_2009.ogg
lottalinuxlinks_call_in_show_september_2009.ogg
noagenda-197470-11-15-2009.mp3
noagenda-198202-11-19-2009.mp3
noagenda-198718-11-22-2009.mp3
noagenda-199424-11-26-2009.mp3
noagenda-199748-11-29-2009.mp3
noagenda-200530-12-02-2009.mp3
noagenda-201563-12-06-2009.mp3
noagenda-202328-12-10-2009.mp3
noagenda-202957-12-13-2009.mp3
npr_120568352.mp3
npr_120595135.mp3
npr_120634804.mp3
npr_120790398.mp3
npr_120836919.mp3
npr_120851972.mp3
tech5-196887-11-11-2009.mp3
tech5-197075-11-12-2009.mp3
tech5-197221-11-13-2009.mp3
tech5-197690-11-16-2009.mp3
tech5-197913-11-17-2009.mp3
tech5-198071-11-18-2009.mp3
tech5-198255-11-19-2009.mp3
tech5-198920-11-23-2009.mp3
tech5-199101-11-24-2009.mp3
tech5-199328-11-25-2009.mp3
tech5-200097-11-30-2009.mp3
tech5-200244-12-01-2009.mp3
tech5-201114-12-03-2009.mp3
tech5-201406-12-04-2009.mp3
tech5-201851-12-07-2009.mp3
tech5-202158-12-09-2009.mp3
tech5-202408-12-10-2009.mp3
tllts_323-10-14-09.mp3
tllts_324-10-21-09.mp3
tllts_325-10-28-09.mp3
tllts_326-11-04-09.mp3
tllts_327-11-11-09.mp3
tllts_328-11-18-09.mp3
tllts_329-11-25-09.mp3
tllts_330-12-02-09.mp3
tllts_331-12-09-09.mp3
true
twit0221.mp3
twit0222.mp3
twit0223.mp3
twit0224.mp3
twit0225.mp3
